<?xml version="1.0" encoding="utf-8" standalone="no"?>
<!--This file represents the results of running a test suite-->
<test-results name="C:\Lennie\Work\CSharpBlackberry\CS4BB\CS4BB\bin\Release\CS4BB.nunit" total="1" errors="0" failures="1" not-run="0" inconclusive="0" ignored="0" skipped="0" invalid="0" date="2010-06-02" time="02:26:12">
  <environment nunit-version="2.5.5.10112" clr-version="2.0.50727.4927" os-version="Microsoft Windows NT 6.1.7600.0" platform="Win32NT" cwd="C:\Windows\system32" machine-name="LENNIE-PC" user="Lennie" user-domain="Lennie-PC" />
  <culture-info current-culture="en-ZA" current-uiculture="en-US" />
  <test-suite type="Project" name="C:\Lennie\Work\CSharpBlackberry\CS4BB\CS4BB\bin\Release\CS4BB.nunit" executed="True" result="Failure" success="False" time="0.137" asserts="0">
    <results>
      <test-suite type="Assembly" name="C:\Lennie\Work\CSharpBlackberry\CS4BB\CS4BB\bin\Release\CS4BB.exe" executed="True" result="Failure" success="False" time="0.130" asserts="0">
        <results>
          <test-suite type="Namespace" name="CS4BB" executed="True" result="Failure" success="False" time="0.129" asserts="0">
            <results>
              <test-suite type="Namespace" name="Tests" executed="True" result="Failure" success="False" time="0.129" asserts="0">
                <results>
                  <test-suite type="Namespace" name="Core" executed="True" result="Failure" success="False" time="0.127" asserts="0">
                    <results>
                      <test-suite type="TestFixture" name="MainMethodCompTest" executed="True" result="Failure" success="False" time="0.072" asserts="0">
                        <results>
                          <test-case name="CS4BB.Tests.Core.MainMethodCompTest.Compile" executed="True" result="Failure" success="False" time="0.066" asserts="1">
                            <failure>
                              <message><![CDATA[static void Main(string[] args)]]></message>
                              <stack-trace><![CDATA[at CS4BB.Tests.Core.MainMethodCompTest.Compile() in C:\Lennie\Work\CSharpBlackberry\CS4BB\CS4BB\Tests\Core\MainMethodCompTest.cs:line 18
]]></stack-trace>
                            </failure>
                          </test-case>
                        </results>
                      </test-suite>
                    </results>
                  </test-suite>
                </results>
              </test-suite>
            </results>
          </test-suite>
        </results>
      </test-suite>
    </results>
  </test-suite>
</test-results>